0 info it worked if it ends with ok
1 verbose cli [ 'C:\\Program Files\\nodejs\\node.exe',
1 verbose cli   'C:\\Program Files\\nodejs\\node_modules\\npm\\bin\\npm-cli.js',
1 verbose cli   'run',
1 verbose cli   'c' ]
2 info using npm@3.10.10
3 info using node@v6.17.1
4 verbose run-script [ 'prec', 'c', 'postc' ]
5 info lifecycle lfc-api@1.0.37~prec: lfc-api@1.0.37
6 silly lifecycle lfc-api@1.0.37~prec: no script for prec, continuing
7 info lifecycle lfc-api@1.0.37~c: lfc-api@1.0.37
8 verbose lifecycle lfc-api@1.0.37~c: unsafe-perm in lifecycle true
9 verbose lifecycle lfc-api@1.0.37~c: PATH: C:\Users\music\AppData\Roaming\nvm\v6.17.1\node_modules\npm\bin\node-gyp-bin;D:\Workspace-laptop\leofcoin\lfc-api\node_modules\.bin;D:\Libs\cmder\bin;D:\Libs\cmder\vendor\bin;D:\Libs\cmder\vendor\conemu-maximus5\ConEmu\Scripts;D:\Libs\cmder\vendor\conemu-maximus5;D:\Libs\cmder\vendor\conemu-maximus5\ConEmu;C:\Program Files (x86)\Common Files\Oracle\Java\javapath;D:\Libs\Python27\;D:\Libs\Python27\Scripts;C:\ProgramData\Oracle\Java\javapath;C:\WINDOWS\system32;C:\WINDOWS;C:\Program Files\Microsoft SQL Server\110\Tools\Binn\;C:\Program Files\Microsoft SQL Server\120\Tools\Binn\;C:\Android;C:\WINDOWS\SysWOW64\WindowsPowerShell\v1.0\Modules\TShell\TShell\;D:\Program Files (x86)\GNU\GnuPG\pub;C:\Program Files (x86)\NVIDIA Corporation\PhysX\Common;C:\WINDOWS\System32\Wbem;C:\WINDOWS\System32\WindowsPowerShell\v1.0\;D:\Libs\Git LFS;D:\Go\bin;D:\Libs\Git\cmd;C:\Users\music\AppData\Roaming\nvm;C:\WINDOWS\System32\OpenSSH\;C:\Program Files (x86)\Yarn\bin\;C:\Program Files\NVIDIA Corporation\NVIDIA NvDLISR;C:\Users\music\AppData\Roaming\nvm;C:\Program Files\nodejs;C:\WINDOWS\system32;C:\WINDOWS;C:\WINDOWS\System32\Wbem;C:\WINDOWS\System32\WindowsPowerShell\v1.0\;C:\WINDOWS\System32\OpenSSH\;D:\Users\music\AppData\Local\Programs\Python\Python36\Scripts\;D:\Users\music\AppData\Local\Programs\Python\Python36\;D:\Libs\Ruby23-x64\bin;D:\Libs\Java\jre8;C:\Users\music\AppData\Local\Microsoft\WindowsApps;C:\Users\music\AppData\Local\Google\Cloud SDK\google-cloud-sdk\bin;D:\Program Files (x86)\Yarn\bin;G:\Program Files\Heroku\bin;G:\Program Files\CMake\bin;D:\Users\music\AppData\Roaming\npm;C:\Users\music\AppData\Local\now-cli;C:\Users\music\AppData\Local\GitHubDesktop\bin;C:\Users\music\AppData\Roaming\nvm;C:\Program Files\nodejs;C:\Users\music\AppData\Local\Yarn\bin;C:\Users\music\AppData\Local\atom\bin;C:\Users\music\AppData\Local\Microsoft\WindowsApps;D:\Libs\cmder\Cmder.exe;D:\Libs\Git\cmd;D:\Libs\Git\mingw64\bin;D:\Libs\Git\usr\bin;D:\Libs\cmder
10 verbose lifecycle lfc-api@1.0.37~c: CWD: D:\Workspace-laptop\leofcoin\lfc-api
11 silly lifecycle lfc-api@1.0.37~c: Args: [ '/d /s /c', 'rollup -c' ]
12 silly lifecycle lfc-api@1.0.37~c: Returned: code: 1  signal: null
13 info lifecycle lfc-api@1.0.37~c: Failed to exec c script
14 verbose stack Error: lfc-api@1.0.37 c: `rollup -c`
14 verbose stack Exit status 1
14 verbose stack     at EventEmitter.<anonymous> (C:\Users\music\AppData\Roaming\nvm\v6.17.1\node_modules\npm\lib\utils\lifecycle.js:255:16)
14 verbose stack     at emitTwo (events.js:106:13)
14 verbose stack     at EventEmitter.emit (events.js:191:7)
14 verbose stack     at ChildProcess.<anonymous> (C:\Users\music\AppData\Roaming\nvm\v6.17.1\node_modules\npm\lib\utils\spawn.js:40:14)
14 verbose stack     at emitTwo (events.js:106:13)
14 verbose stack     at ChildProcess.emit (events.js:191:7)
14 verbose stack     at maybeClose (internal/child_process.js:920:16)
14 verbose stack     at Process.ChildProcess._handle.onexit (internal/child_process.js:230:5)
15 verbose pkgid lfc-api@1.0.37
16 verbose cwd D:\Workspace-laptop\leofcoin\lfc-api
17 error Windows_NT 10.0.18362
18 error argv "C:\\Program Files\\nodejs\\node.exe" "C:\\Program Files\\nodejs\\node_modules\\npm\\bin\\npm-cli.js" "run" "c"
19 error node v6.17.1
20 error npm  v3.10.10
21 error code ELIFECYCLE
22 error lfc-api@1.0.37 c: `rollup -c`
22 error Exit status 1
23 error Failed at the lfc-api@1.0.37 c script 'rollup -c'.
23 error Make sure you have the latest version of node.js and npm installed.
23 error If you do, this is most likely a problem with the lfc-api package,
23 error not with npm itself.
23 error Tell the author that this fails on your system:
23 error     rollup -c
23 error You can get information on how to open an issue for this project with:
23 error     npm bugs lfc-api
23 error Or if that isn't available, you can get their info via:
23 error     npm owner ls lfc-api
23 error There is likely additional logging output above.
24 verbose exit [ 1, true ]
